The target system is: Generic -  - ARM
The host system is: Windows - 10.0.22631 - AMD64
Compiling the C compiler identification source file "CMakeCCompilerId.c" succeeded.
Compiler: C:/Project/Neoway/N706_OPEN_CB_CM_V30_SDK/N706_OPEN_CB_CM_V30_SDK/prebuilts/win32/gcc-arm-none-eabi/bin/arm-none-eabi-gcc.exe 
Build flags: ;-std=gnu11
Id flags: -c 

The output was:
0


Compilation of the C compiler identification source "CMakeCCompilerId.c" produced "CMakeCCompilerId.o"

The C compiler identification is GNU, found in "C:/Project/Neoway/N706_OPEN_CB_CM_V30_SDK/N706_OPEN_CB_CM_V30_SDK/out/appimage_debug/CMakeFiles/3.16.4/CompilerIdC/CMakeCCompilerId.o"

Compiling the CXX compiler identification source file "CMakeCXXCompilerId.cpp" succeeded.
Compiler: C:/Project/Neoway/N706_OPEN_CB_CM_V30_SDK/N706_OPEN_CB_CM_V30_SDK/prebuilts/win32/gcc-arm-none-eabi/bin/arm-none-eabi-g++.exe 
Build flags: ;-std=c++11;-fno-exceptions;-fno-rtti;-fno-threadsafe-statics
Id flags: -c 

The output was:
0


Compilation of the CXX compiler identification source "CMakeCXXCompilerId.cpp" produced "CMakeCXXCompilerId.o"

The CXX compiler identification is GNU, found in "C:/Project/Neoway/N706_OPEN_CB_CM_V30_SDK/N706_OPEN_CB_CM_V30_SDK/out/appimage_debug/CMakeFiles/3.16.4/CompilerIdCXX/CMakeCXXCompilerId.o"

Checking whether the ASM compiler is GNU using "--version" matched "(GNU assembler)|(GCC)|(Free Software Foundation)":
arm-none-eabi-gcc.exe (GNU Arm Embedded Toolchain 10-2020-q4-major) 10.2.1 20201103 (release)
Copyright (C) 2020 Free Software Foundation, Inc.
This is free software; see the source for copying conditions.  There is NO
warranty; not even for MERCHANTABILITY or FITNESS FOR A PARTICULAR PURPOSE.

